mode: atomic
laerte.sociablelabs.com/common/test/netutil/ident.go:45.53,47.2 1 2
laerte.sociablelabs.com/common/test/netutil/ident.go:51.89,53.16 2 1
laerte.sociablelabs.com/common/test/netutil/ident.go:56.2,57.47 2 1
laerte.sociablelabs.com/common/test/netutil/ident.go:60.2,61.39 2 1
laerte.sociablelabs.com/common/test/netutil/ident.go:71.2,71.49 1 1
laerte.sociablelabs.com/common/test/netutil/ident.go:53.16,55.3 1 0
laerte.sociablelabs.com/common/test/netutil/ident.go:57.47,59.3 1 0
laerte.sociablelabs.com/common/test/netutil/ident.go:61.39,62.26 1 0
laerte.sociablelabs.com/common/test/netutil/ident.go:62.26,64.4 1 0
laerte.sociablelabs.com/common/test/netutil/ident.go:64.4,66.4 1 0
laerte.sociablelabs.com/common/test/netutil/ident.go:67.3,67.50 1 1
laerte.sociablelabs.com/common/test/netutil/ident.go:67.50,69.3 1 0
laerte.sociablelabs.com/common/test/netutil/ident.go:78.66,81.19 3 3
laerte.sociablelabs.com/common/test/netutil/ident.go:85.2,87.25 3 3
laerte.sociablelabs.com/common/test/netutil/ident.go:92.2,92.22 1 3
laerte.sociablelabs.com/common/test/netutil/ident.go:109.2,109.28 1 0
laerte.sociablelabs.com/common/test/netutil/ident.go:81.19,83.3 1 0
laerte.sociablelabs.com/common/test/netutil/ident.go:87.25,90.3 1 0
laerte.sociablelabs.com/common/test/netutil/ident.go:93.2,94.65 1 3
laerte.sociablelabs.com/common/test/netutil/ident.go:95.2,96.69 1 0
laerte.sociablelabs.com/common/test/netutil/ident.go:97.2,99.15 2 0
laerte.sociablelabs.com/common/test/netutil/ident.go:102.3,103.17 2 0
laerte.sociablelabs.com/common/test/netutil/ident.go:106.3,107.74 2 0
laerte.sociablelabs.com/common/test/netutil/ident.go:99.15,101.4 1 0
laerte.sociablelabs.com/common/test/netutil/ident.go:103.17,105.4 1 0
laerte.sociablelabs.com/common/test/netutil/ident.go:112.40,115.2 2 2
laerte.sociablelabs.com/common/test/netutil/ident.go:117.40,118.29 1 0
laerte.sociablelabs.com/common/test/netutil/ident.go:122.2,122.10 1 0
laerte.sociablelabs.com/common/test/netutil/ident.go:118.29,121.3 2 0
laerte.sociablelabs.com/common/test/netutil/ident.go:127.40,129.30 2 6
laerte.sociablelabs.com/common/test/netutil/ident.go:132.2,132.10 1 4
laerte.sociablelabs.com/common/test/netutil/ident.go:129.30,131.3 1 2
laerte.sociablelabs.com/common/test/netutil/ident.go:138.62,139.67 1 3
laerte.sociablelabs.com/common/test/netutil/ident.go:142.2,143.16 2 0
laerte.sociablelabs.com/common/test/netutil/ident.go:147.2,147.15 1 0
laerte.sociablelabs.com/common/test/netutil/ident.go:139.67,141.3 1 3
laerte.sociablelabs.com/common/test/netutil/ident.go:143.16,146.3 2 0
laerte.sociablelabs.com/common/test/netutil/ident.go:150.85,153.48 3 3
laerte.sociablelabs.com/common/test/netutil/ident.go:156.2,166.16 3 3
laerte.sociablelabs.com/common/test/netutil/ident.go:169.2,172.16 4 3
laerte.sociablelabs.com/common/test/netutil/ident.go:175.2,177.6 3 3
laerte.sociablelabs.com/common/test/netutil/ident.go:196.2,196.24 1 0
laerte.sociablelabs.com/common/test/netutil/ident.go:153.48,155.3 1 0
laerte.sociablelabs.com/common/test/netutil/ident.go:166.16,168.3 1 0
laerte.sociablelabs.com/common/test/netutil/ident.go:172.16,174.3 1 0
laerte.sociablelabs.com/common/test/netutil/ident.go:177.6,179.20 2 186
laerte.sociablelabs.com/common/test/netutil/ident.go:182.3,182.17 1 186
laerte.sociablelabs.com/common/test/netutil/ident.go:185.3,185.35 1 186
laerte.sociablelabs.com/common/test/netutil/ident.go:189.3,190.17 2 3
laerte.sociablelabs.com/common/test/netutil/ident.go:193.3,194.35 2 3
laerte.sociablelabs.com/common/test/netutil/ident.go:179.20,180.9 1 0
laerte.sociablelabs.com/common/test/netutil/ident.go:182.17,184.4 1 0
laerte.sociablelabs.com/common/test/netutil/ident.go:185.35,186.12 1 183
laerte.sociablelabs.com/common/test/netutil/ident.go:190.17,191.12 1 0
laerte.sociablelabs.com/common/test/netutil/ident.go:200.81,203.16 3 0
laerte.sociablelabs.com/common/test/netutil/ident.go:206.2,209.16 4 0
laerte.sociablelabs.com/common/test/netutil/ident.go:212.2,214.62 2 0
laerte.sociablelabs.com/common/test/netutil/ident.go:203.16,205.3 1 0
laerte.sociablelabs.com/common/test/netutil/ident.go:209.16,211.3 1 0
laerte.sociablelabs.com/common/test/netutil/ident.go:217.100,220.16 2 3
laerte.sociablelabs.com/common/test/netutil/ident.go:223.2,224.21 2 3
laerte.sociablelabs.com/common/test/netutil/ident.go:232.2,232.38 1 0
laerte.sociablelabs.com/common/test/netutil/ident.go:236.2,236.24 1 0
laerte.sociablelabs.com/common/test/netutil/ident.go:220.16,222.3 1 0
laerte.sociablelabs.com/common/test/netutil/ident.go:224.21,227.18 3 25
laerte.sociablelabs.com/common/test/netutil/ident.go:227.18,229.4 1 3
laerte.sociablelabs.com/common/test/netutil/ident.go:232.38,234.3 1 0
laerte.sociablelabs.com/common/test/netutil/ident.go:239.104,245.10 5 1
laerte.sociablelabs.com/common/test/netutil/ident.go:259.2,259.6 1 1
laerte.sociablelabs.com/common/test/netutil/ident.go:274.2,274.22 1 0
laerte.sociablelabs.com/common/test/netutil/ident.go:245.10,254.3 2 1
laerte.sociablelabs.com/common/test/netutil/ident.go:254.3,257.3 2 0
laerte.sociablelabs.com/common/test/netutil/ident.go:259.6,261.17 2 12
laerte.sociablelabs.com/common/test/netutil/ident.go:264.3,265.21 2 12
laerte.sociablelabs.com/common/test/netutil/ident.go:269.3,269.52 1 12
laerte.sociablelabs.com/common/test/netutil/ident.go:261.17,263.4 1 0
laerte.sociablelabs.com/common/test/netutil/ident.go:265.21,266.12 1 0
laerte.sociablelabs.com/common/test/netutil/ident.go:269.52,272.4 2 1
laerte.sociablelabs.com/common/test/netutil/ident.go:279.34,281.16 2 0
laerte.sociablelabs.com/common/test/netutil/ident.go:284.2,284.18 1 0
laerte.sociablelabs.com/common/test/netutil/ident.go:287.2,287.20 1 0
laerte.sociablelabs.com/common/test/netutil/ident.go:281.16,283.3 1 0
laerte.sociablelabs.com/common/test/netutil/ident.go:284.18,286.3 1 0
laerte.sociablelabs.com/common/test/netutil/netutil.go:27.63,29.30 2 0
laerte.sociablelabs.com/common/test/netutil/netutil.go:37.2,37.30 1 0
laerte.sociablelabs.com/common/test/netutil/netutil.go:29.30,31.17 2 0
laerte.sociablelabs.com/common/test/netutil/netutil.go:35.3,35.37 1 0
laerte.sociablelabs.com/common/test/netutil/netutil.go:31.17,34.4 2 0
